==========================================
🚀 JOB GPU A100: tokikura
==========================================
>>> [1] VERIFICANDO GPU (NVIDIA-SMI):
Mon Dec 22 02:25:18 2025       
+-----------------------------------------------------------------------------------------+
| NVIDIA-SMI 560.35.03              Driver Version: 560.35.03      CUDA Version: 12.6     |
|-----------------------------------------+------------------------+----------------------+
| GPU  Name                 Persistence-M | Bus-Id          Disp.A | Volatile Uncorr. ECC |
| Fan  Temp   Perf          Pwr:Usage/Cap |           Memory-Usage | GPU-Util  Compute M. |
|                                         |                        |               MIG M. |
|=========================================+========================+======================|
|   0  NVIDIA A100-SXM4-40GB          Off |   00000000:61:00.0 Off |                    0 |
| N/A   37C    P0             29W /  400W |       4MiB /  40960MiB |      0%      Default |
|                                         |                        |             Disabled |
+-----------------------------------------+------------------------+----------------------+
|   1  NVIDIA A100-SXM4-40GB          Off |   00000000:C1:00.0 Off |                    0 |
| N/A   37C    P0             30W /  400W |       4MiB /  40960MiB |      0%      Default |
|                                         |                        |             Disabled |
+-----------------------------------------+------------------------+----------------------+
                                                                                         
+-----------------------------------------------------------------------------------------+
| Processes:                                                                              |
|  GPU   GI   CI        PID   Type   Process name                              GPU Memory |
|        ID   ID                                                               Usage      |
|=========================================================================================|
|  No running processes found                                                             |
+-----------------------------------------------------------------------------------------+
>>> [2] VERIFICANDO PYTORCH (CUDA):
========================================
🔍 DIAGNÓSTICO DE HARDWARE (GPU/CPU)
========================================
⚡ CUDA Disponible: True
🔢 Cantidad de GPUs: 1
   🚀 GPU 0: NVIDIA A100-SXM4-40GB (42.41 GB VRAM)
✅ Prueba de Tensor: ÉXITO (El tensor vive en la GPU)
========================================
>>> [3] INICIANDO ENTRENAMIENTO (Batch 32)...
--- CNN ---
Cargando dataset desde /mnt/beegfs/home/caliste/Proyecto_Clima_ML/data/processed/train_unified.pt...
Arquitectura: CNN
Dispositivo: cuda
Datos de entrenamiento: 4752 muestras
Datos de validación (Hindcast): 1188 muestras
Iniciando entrenamiento...
Epoch 1/30 | Train Loss: 0.016212 | Val Loss: 0.002506
Epoch 2/30 | Train Loss: 0.002361 | Val Loss: 0.002463
Epoch 3/30 | Train Loss: 0.002342 | Val Loss: 0.002460
Epoch 4/30 | Train Loss: 0.002338 | Val Loss: 0.002464
Epoch 5/30 | Train Loss: 0.002338 | Val Loss: 0.002453
Epoch 6/30 | Train Loss: 0.002335 | Val Loss: 0.002452
Epoch 7/30 | Train Loss: 0.002335 | Val Loss: 0.002460
Epoch 8/30 | Train Loss: 0.002333 | Val Loss: 0.002451
Epoch 9/30 | Train Loss: 0.002334 | Val Loss: 0.002454
Epoch 10/30 | Train Loss: 0.002331 | Val Loss: 0.002448
Epoch 11/30 | Train Loss: 0.002331 | Val Loss: 0.002451
Epoch 12/30 | Train Loss: 0.002332 | Val Loss: 0.002450
